2019-03-31 12:00:14.675  INFO 13985 --- [main] br.com.dauth.DAuthApplication            : Starting DAuthApplication on celio-PC with PID 13985 (/home/celio/Source/d-auth/target/classes started by celio in /home/celio/Source/d-auth)
2019-03-31 12:00:14.683  INFO 13985 --- [main] br.com.dauth.DAuthApplication            : No active profile set, falling back to default profiles: default
2019-03-31 12:00:15.534  INFO 13985 --- [main] .s.d.r.c.RepositoryConfigurationDelegate : Bootstrapping Spring Data repositories in DEFAULT mode.
2019-03-31 12:00:15.640  INFO 13985 --- [main] .s.d.r.c.RepositoryConfigurationDelegate : Finished Spring Data repository scanning in 96ms. Found 5 repository interfaces.
2019-03-31 12:00:16.127  INFO 13985 --- [main] trationDelegate$BeanPostProcessorChecker : Bean 'org.springframework.transaction.annotation.ProxyTransactionManagementConfiguration' of type [org.springframework.transaction.annotation.ProxyTransactionManagementConfiguration$$EnhancerBySpringCGLIB$$49af0930] is not eligible for getting processed by all BeanPostProcessors (for example: not eligible for auto-proxying)
2019-03-31 12:00:16.176  INFO 13985 --- [main] trationDelegate$BeanPostProcessorChecker : Bean 'org.springframework.security.config.annotation.configuration.ObjectPostProcessorConfiguration' of type [org.springframework.security.config.annotation.configuration.ObjectPostProcessorConfiguration$$EnhancerBySpringCGLIB$$e25cd16a] is not eligible for getting processed by all BeanPostProcessors (for example: not eligible for auto-proxying)
2019-03-31 12:00:16.184  INFO 13985 --- [main] trationDelegate$BeanPostProcessorChecker : Bean 'objectPostProcessor' of type [org.springframework.security.config.annotation.configuration.AutowireBeanFactoryObjectPostProcessor] is not eligible for getting processed by all BeanPostProcessors (for example: not eligible for auto-proxying)
2019-03-31 12:00:16.186  INFO 13985 --- [main] trationDelegate$BeanPostProcessorChecker : Bean 'org.springframework.security.access.expression.method.DefaultMethodSecurityExpressionHandler@45797ea3' of type [org.springframework.security.access.expression.method.DefaultMethodSecurityExpressionHandler] is not eligible for getting processed by all BeanPostProcessors (for example: not eligible for auto-proxying)
2019-03-31 12:00:16.190  INFO 13985 --- [main] trationDelegate$BeanPostProcessorChecker : Bean 'org.springframework.security.config.annotation.method.configuration.GlobalMethodSecurityConfiguration' of type [org.springframework.security.config.annotation.method.configuration.GlobalMethodSecurityConfiguration$$EnhancerBySpringCGLIB$$731741c] is not eligible for getting processed by all BeanPostProcessors (for example: not eligible for auto-proxying)
2019-03-31 12:00:16.194  INFO 13985 --- [main] trationDelegate$BeanPostProcessorChecker : Bean 'methodSecurityMetadataSource' of type [org.springframework.security.access.method.DelegatingMethodSecurityMetadataSource] is not eligible for getting processed by all BeanPostProcessors (for example: not eligible for auto-proxying)
2019-03-31 12:00:16.642  INFO 13985 --- [main] o.s.b.w.embedded.tomcat.TomcatWebServer  : Tomcat initialized with port(s): 8081 (http)
2019-03-31 12:00:16.679  INFO 13985 --- [main] o.apache.catalina.core.StandardService   : Starting service [Tomcat]
2019-03-31 12:00:16.680  INFO 13985 --- [main] org.apache.catalina.core.StandardEngine  : Starting Servlet Engine: Apache Tomcat/9.0.13
2019-03-31 12:00:16.694  INFO 13985 --- [main] o.a.catalina.core.AprLifecycleListener   : The APR based Apache Tomcat Native library which allows optimal performance in production environments was not found on the java.library.path: [/usr/java/packages/lib/amd64:/usr/lib64:/lib64:/lib:/usr/lib]
2019-03-31 12:00:16.762  INFO 13985 --- [main] o.a.c.c.C.[Tomcat].[localhost].[/]       : Initializing Spring embedded WebApplicationContext
2019-03-31 12:00:16.762  INFO 13985 --- [main] o.s.web.context.ContextLoader            : Root WebApplicationContext: initialization completed in 2035 ms
2019-03-31 12:00:16.942  INFO 13985 --- [main] com.zaxxer.hikari.HikariDataSource       : HikariPool-1 - Starting...
2019-03-31 12:00:17.036  INFO 13985 --- [main] com.zaxxer.hikari.HikariDataSource       : HikariPool-1 - Start completed.
2019-03-31 12:00:17.856  INFO 13985 --- [main] liquibase.executor.jvm.JdbcExecutor      : SELECT COUNT(*) FROM public.databasechangeloglock
2019-03-31 12:00:17.869  INFO 13985 --- [main] liquibase.executor.jvm.JdbcExecutor      : CREATE TABLE public.databasechangeloglock (ID INTEGER NOT NULL, LOCKED BOOLEAN NOT NULL, LOCKGRANTED TIMESTAMP WITHOUT TIME ZONE, LOCKEDBY VARCHAR(255), CONSTRAINT DATABASECHANGELOGLOCK_PKEY PRIMARY KEY (ID))
2019-03-31 12:00:17.980  INFO 13985 --- [main] liquibase.executor.jvm.JdbcExecutor      : SELECT COUNT(*) FROM public.databasechangeloglock
2019-03-31 12:00:17.982  INFO 13985 --- [main] liquibase.executor.jvm.JdbcExecutor      : DELETE FROM public.databasechangeloglock
2019-03-31 12:00:17.983  INFO 13985 --- [main] liquibase.executor.jvm.JdbcExecutor      : INSERT INTO public.databasechangeloglock (ID, LOCKED) VALUES (1, FALSE)
2019-03-31 12:00:17.992  INFO 13985 --- [main] liquibase.executor.jvm.JdbcExecutor      : SELECT LOCKED FROM public.databasechangeloglock WHERE ID=1
2019-03-31 12:00:18.002  INFO 13985 --- [main] l.lockservice.StandardLockService        : Successfully acquired change log lock
2019-03-31 12:00:18.077  INFO 13985 --- [main] l.c.StandardChangeLogHistoryService      : Creating database history table with name: public.databasechangelog
2019-03-31 12:00:18.078  INFO 13985 --- [main] liquibase.executor.jvm.JdbcExecutor      : CREATE TABLE public.databasechangelog (ID VARCHAR(255) NOT NULL, AUTHOR VARCHAR(255) NOT NULL, FILENAME VARCHAR(255) NOT NULL, DATEEXECUTED TIMESTAMP WITHOUT TIME ZONE NOT NULL, ORDEREXECUTED INTEGER NOT NULL, EXECTYPE VARCHAR(10) NOT NULL, MD5SUM VARCHAR(35), DESCRIPTION VARCHAR(255), COMMENTS VARCHAR(255), TAG VARCHAR(255), LIQUIBASE VARCHAR(20), CONTEXTS VARCHAR(255), LABELS VARCHAR(255), DEPLOYMENT_ID VARCHAR(10))
2019-03-31 12:00:18.113  INFO 13985 --- [main] liquibase.executor.jvm.JdbcExecutor      : SELECT COUNT(*) FROM public.databasechangelog
2019-03-31 12:00:18.114  INFO 13985 --- [main] l.c.StandardChangeLogHistoryService      : Reading from public.databasechangelog
2019-03-31 12:00:18.115  INFO 13985 --- [main] liquibase.executor.jvm.JdbcExecutor      : SELECT * FROM public.databasechangelog ORDER BY DATEEXECUTED ASC, ORDEREXECUTED ASC
2019-03-31 12:00:18.116  INFO 13985 --- [main] liquibase.executor.jvm.JdbcExecutor      : SELECT COUNT(*) FROM public.databasechangeloglock
2019-03-31 12:00:18.135  INFO 13985 --- [main] liquibase.executor.jvm.JdbcExecutor      : CREATE SCHEMA oauth
2019-03-31 12:00:18.136  INFO 13985 --- [main] liquibase.changelog.ChangeSet            : Custom SQL executed
2019-03-31 12:00:18.146  INFO 13985 --- [main] liquibase.changelog.ChangeSet            : ChangeSet db/changelog/migrations/db.changelog-auth-01.sql::1::celio ran successfully in 18ms
2019-03-31 12:00:18.147  INFO 13985 --- [main] liquibase.executor.jvm.JdbcExecutor      : SELECT MAX(ORDEREXECUTED) FROM public.databasechangelog
2019-03-31 12:00:18.708  INFO 13985 --- [main] liquibase.executor.jvm.JdbcExecutor      : INSERT INTO public.databasechangelog (ID, AUTHOR, FILENAME, DATEEXECUTED, ORDEREXECUTED, MD5SUM, DESCRIPTION, COMMENTS, EXECTYPE, CONTEXTS, LABELS, LIQUIBASE, DEPLOYMENT_ID) VALUES ('1', 'celio', 'db/changelog/migrations/db.changelog-auth-01.sql', NOW(), 1, '8:0e0fcb7ff089f9301cec3849baaa1325', 'sql', '', 'EXECUTED', NULL, NULL, '3.6.2', '4048018117')
2019-03-31 12:00:18.771  INFO 13985 --- [main] liquibase.executor.jvm.JdbcExecutor      : CREATE TABLE oauth.oauth_access_token
(
  token_id character varying(256) PRIMARY KEY,
  access_token bytea NOT NULL,
  authentication_id character varying(256) NOT NULL,
  user_name character varying(256) NOT NULL UNIQUE,
  client_id character varying(256) NOT NULL,
  authentication bytea NOT NULL,
  refresh_token character varying(256) NOT NULL
)
2019-03-31 12:00:18.887  INFO 13985 --- [main] liquibase.changelog.ChangeSet            : Custom SQL executed
2019-03-31 12:00:18.902  INFO 13985 --- [main] liquibase.changelog.ChangeSet            : ChangeSet db/changelog/migrations/db.changelog-auth-01.sql::2::celio ran successfully in 133ms
2019-03-31 12:00:18.903  INFO 13985 --- [main] liquibase.executor.jvm.JdbcExecutor      : INSERT INTO public.databasechangelog (ID, AUTHOR, FILENAME, DATEEXECUTED, ORDEREXECUTED, MD5SUM, DESCRIPTION, COMMENTS, EXECTYPE, CONTEXTS, LABELS, LIQUIBASE, DEPLOYMENT_ID) VALUES ('2', 'celio', 'db/changelog/migrations/db.changelog-auth-01.sql', NOW(), 2, '8:4c6dbced37c883de6da1a3f8eb926a07', 'sql', '', 'EXECUTED', NULL, NULL, '3.6.2', '4048018117')
2019-03-31 12:00:18.919  INFO 13985 --- [main] liquibase.executor.jvm.JdbcExecutor      : CREATE TABLE oauth.oauth_client
(
  client_id character varying(256) PRIMARY KEY,
  resource_ids character varying(256) NOT NULL,
  client_secret character varying(256) NOT NULL,
  client_scope character varying(256) NOT NULL,
  authorized_grant_types character varying(256) NOT NULL,
  registered_redirect_uri character varying(256),
  client_authorities character varying(256),
  access_token_validity_seconds integer NOT NULL,
  refresh_token_validity_seconds integer NOT NULL,
  additional_information character varying(4096),
  auto_approve character varying(256),
  secret_required boolean NOT NULL DEFAULT TRUE
)
2019-03-31 12:00:18.988  INFO 13985 --- [main] liquibase.changelog.ChangeSet            : Custom SQL executed
2019-03-31 12:00:19.014  INFO 13985 --- [main] liquibase.changelog.ChangeSet            : ChangeSet db/changelog/migrations/db.changelog-auth-01.sql::3::celio ran successfully in 100ms
2019-03-31 12:00:19.015  INFO 13985 --- [main] liquibase.executor.jvm.JdbcExecutor      : INSERT INTO public.databasechangelog (ID, AUTHOR, FILENAME, DATEEXECUTED, ORDEREXECUTED, MD5SUM, DESCRIPTION, COMMENTS, EXECTYPE, CONTEXTS, LABELS, LIQUIBASE, DEPLOYMENT_ID) VALUES ('3', 'celio', 'db/changelog/migrations/db.changelog-auth-01.sql', NOW(), 3, '8:788b18c5f18e4f37c342c8e9b1109d4d', 'sql', '', 'EXECUTED', NULL, NULL, '3.6.2', '4048018117')
2019-03-31 12:00:19.025  INFO 13985 --- [main] liquibase.executor.jvm.JdbcExecutor      : CREATE TABLE oauth.oauth_refresh_token
(
  token_id character varying(256) PRIMARY KEY,
  refresh_token bytea NOT NULL,
  authentication bytea NOT NULL
)
2019-03-31 12:00:19.099  INFO 13985 --- [main] liquibase.changelog.ChangeSet            : Custom SQL executed
2019-03-31 12:00:19.114  INFO 13985 --- [main] liquibase.changelog.ChangeSet            : ChangeSet db/changelog/migrations/db.changelog-auth-01.sql::4::celio ran successfully in 89ms
2019-03-31 12:00:19.115  INFO 13985 --- [main] liquibase.executor.jvm.JdbcExecutor      : INSERT INTO public.databasechangelog (ID, AUTHOR, FILENAME, DATEEXECUTED, ORDEREXECUTED, MD5SUM, DESCRIPTION, COMMENTS, EXECTYPE, CONTEXTS, LABELS, LIQUIBASE, DEPLOYMENT_ID) VALUES ('4', 'celio', 'db/changelog/migrations/db.changelog-auth-01.sql', NOW(), 4, '8:f8aa258bfc7cc059e3591c1276b77119', 'sql', '', 'EXECUTED', NULL, NULL, '3.6.2', '4048018117')
2019-03-31 12:00:19.128  INFO 13985 --- [main] liquibase.executor.jvm.JdbcExecutor      : CREATE TABLE oauth.oauth_user
(
  user_id bigserial PRIMARY KEY,
  user_name character varying(256) NOT NULL UNIQUE,
  user_password character varying(256) NOT NULL,
  user_full_name character varying(256) NOT NULL,
  account_non_expired boolean NOT NULL default true,
  account_non_locked boolean NOT NULL default true,
  credentials_non_expired boolean NOT NULL default true,
  enabled boolean NOT NULL default true,
  super_user boolean NOT NULL default false
)
2019-03-31 12:00:19.201  INFO 13985 --- [main] liquibase.changelog.ChangeSet            : Custom SQL executed
2019-03-31 12:00:19.214  INFO 13985 --- [main] liquibase.changelog.ChangeSet            : ChangeSet db/changelog/migrations/db.changelog-auth-01.sql::5::celio ran successfully in 88ms
2019-03-31 12:00:19.215  INFO 13985 --- [main] liquibase.executor.jvm.JdbcExecutor      : INSERT INTO public.databasechangelog (ID, AUTHOR, FILENAME, DATEEXECUTED, ORDEREXECUTED, MD5SUM, DESCRIPTION, COMMENTS, EXECTYPE, CONTEXTS, LABELS, LIQUIBASE, DEPLOYMENT_ID) VALUES ('5', 'celio', 'db/changelog/migrations/db.changelog-auth-01.sql', NOW(), 5, '8:1c5a239c3ffed6aa0028fb1d5648faa3', 'sql', '', 'EXECUTED', NULL, NULL, '3.6.2', '4048018117')
2019-03-31 12:00:19.226  INFO 13985 --- [main] liquibase.executor.jvm.JdbcExecutor      : CREATE TABLE oauth.oauth_module
(
  mod_id bigserial PRIMARY KEY,
  mod_name character varying(256) NOT NULL UNIQUE
)
2019-03-31 12:00:19.280  INFO 13985 --- [main] liquibase.changelog.ChangeSet            : Custom SQL executed
2019-03-31 12:00:19.292  INFO 13985 --- [main] liquibase.changelog.ChangeSet            : ChangeSet db/changelog/migrations/db.changelog-auth-01.sql::6::celio ran successfully in 66ms
2019-03-31 12:00:19.295  INFO 13985 --- [main] liquibase.executor.jvm.JdbcExecutor      : INSERT INTO public.databasechangelog (ID, AUTHOR, FILENAME, DATEEXECUTED, ORDEREXECUTED, MD5SUM, DESCRIPTION, COMMENTS, EXECTYPE, CONTEXTS, LABELS, LIQUIBASE, DEPLOYMENT_ID) VALUES ('6', 'celio', 'db/changelog/migrations/db.changelog-auth-01.sql', NOW(), 6, '8:388b8d22d5053f4dc60d220a8dc376c2', 'sql', '', 'EXECUTED', NULL, NULL, '3.6.2', '4048018117')
2019-03-31 12:00:19.304  INFO 13985 --- [main] liquibase.executor.jvm.JdbcExecutor      : CREATE TABLE oauth.oauth_permission
(
  perm_id bigserial PRIMARY KEY,
  perm_name character varying(256) NOT NULL UNIQUE
)
2019-03-31 12:00:19.358  INFO 13985 --- [main] liquibase.changelog.ChangeSet            : Custom SQL executed
2019-03-31 12:00:19.370  INFO 13985 --- [main] liquibase.changelog.ChangeSet            : ChangeSet db/changelog/migrations/db.changelog-auth-01.sql::7::celio ran successfully in 67ms
2019-03-31 12:00:19.371  INFO 13985 --- [main] liquibase.executor.jvm.JdbcExecutor      : INSERT INTO public.databasechangelog (ID, AUTHOR, FILENAME, DATEEXECUTED, ORDEREXECUTED, MD5SUM, DESCRIPTION, COMMENTS, EXECTYPE, CONTEXTS, LABELS, LIQUIBASE, DEPLOYMENT_ID) VALUES ('7', 'celio', 'db/changelog/migrations/db.changelog-auth-01.sql', NOW(), 7, '8:da91c14f6c6cf6366116059193c1aa1f', 'sql', '', 'EXECUTED', NULL, NULL, '3.6.2', '4048018117')
2019-03-31 12:00:19.382  INFO 13985 --- [main] liquibase.executor.jvm.JdbcExecutor      : CREATE TABLE oauth.oauth_authority
(
  authority_id bigserial PRIMARY KEY,
  mod_id bigint NOT NULL,
  perm_id bigint NOT NULL,
  UNIQUE(mod_id, perm_id),
  FOREIGN KEY (mod_id) REFERENCES oauth.oauth_module (mod_id),
  FOREIGN KEY (perm_id) REFERENCES oauth.oauth_permission (perm_id)
)
2019-03-31 12:00:19.472  INFO 13985 --- [main] liquibase.changelog.ChangeSet            : Custom SQL executed
2019-03-31 12:00:19.482  INFO 13985 --- [main] liquibase.changelog.ChangeSet            : ChangeSet db/changelog/migrations/db.changelog-auth-01.sql::8::celio ran successfully in 101ms
2019-03-31 12:00:19.482  INFO 13985 --- [main] liquibase.executor.jvm.JdbcExecutor      : INSERT INTO public.databasechangelog (ID, AUTHOR, FILENAME, DATEEXECUTED, ORDEREXECUTED, MD5SUM, DESCRIPTION, COMMENTS, EXECTYPE, CONTEXTS, LABELS, LIQUIBASE, DEPLOYMENT_ID) VALUES ('8', 'celio', 'db/changelog/migrations/db.changelog-auth-01.sql', NOW(), 8, '8:9d935650613ef42a9f884b1932ce113a', 'sql', '', 'EXECUTED', NULL, NULL, '3.6.2', '4048018117')
2019-03-31 12:00:19.494  INFO 13985 --- [main] liquibase.executor.jvm.JdbcExecutor      : CREATE TABLE oauth.oauth_user_authority
(
  user_id bigint NOT NULL,
  authority_id bigint NOT NULL,
  UNIQUE(user_id, authority_id),
  FOREIGN KEY (authority_id) REFERENCES oauth.oauth_authority (authority_id),
  FOREIGN KEY (user_id) REFERENCES oauth.oauth_user (user_id)
)
2019-03-31 12:00:19.527  INFO 13985 --- [main] liquibase.changelog.ChangeSet            : Custom SQL executed
2019-03-31 12:00:19.537  INFO 13985 --- [main] liquibase.changelog.ChangeSet            : ChangeSet db/changelog/migrations/db.changelog-auth-01.sql::9::celio ran successfully in 44ms
2019-03-31 12:00:19.538  INFO 13985 --- [main] liquibase.executor.jvm.JdbcExecutor      : INSERT INTO public.databasechangelog (ID, AUTHOR, FILENAME, DATEEXECUTED, ORDEREXECUTED, MD5SUM, DESCRIPTION, COMMENTS, EXECTYPE, CONTEXTS, LABELS, LIQUIBASE, DEPLOYMENT_ID) VALUES ('9', 'celio', 'db/changelog/migrations/db.changelog-auth-01.sql', NOW(), 9, '8:1f88eee8fc9c9db1aac05804aaac5d91', 'sql', '', 'EXECUTED', NULL, NULL, '3.6.2', '4048018117')
2019-03-31 12:00:19.549  INFO 13985 --- [main] liquibase.executor.jvm.JdbcExecutor      : INSERT INTO oauth.oauth_client(client_id, resource_ids, client_secret, client_scope,
    authorized_grant_types, access_token_validity_seconds, refresh_token_validity_seconds, secret_required)
 VALUES ('admin', 'd_main,d_scraper,d_scheduler',
    '$2a$10$zelII7t6Duv2H.JEF2x9RuNseSLRRf90rC6PZj0ILhHtqSvJnUWs6',
    'read,write', 'password,authorization_code,refresh_token,implicit', 2592000, 2593800, true)
2019-03-31 12:00:19.551  INFO 13985 --- [main] liquibase.changelog.ChangeSet            : Custom SQL executed
2019-03-31 12:00:19.559  INFO 13985 --- [main] liquibase.changelog.ChangeSet            : ChangeSet db/changelog/migrations/db.changelog-auth-02.sql::10::celio ran successfully in 10ms
2019-03-31 12:00:19.561  INFO 13985 --- [main] liquibase.executor.jvm.JdbcExecutor      : INSERT INTO public.databasechangelog (ID, AUTHOR, FILENAME, DATEEXECUTED, ORDEREXECUTED, MD5SUM, DESCRIPTION, COMMENTS, EXECTYPE, CONTEXTS, LABELS, LIQUIBASE, DEPLOYMENT_ID) VALUES ('10', 'celio', 'db/changelog/migrations/db.changelog-auth-02.sql', NOW(), 10, '8:586ae65cc17a72a5f6ee792a817e1991', 'sql', '', 'EXECUTED', NULL, NULL, '3.6.2', '4048018117')
2019-03-31 12:00:19.572  INFO 13985 --- [main] liquibase.executor.jvm.JdbcExecutor      : INSERT INTO oauth.oauth_module(mod_id, mod_name) VALUES (1, 'USUARIO')
2019-03-31 12:00:19.576  INFO 13985 --- [main] liquibase.changelog.ChangeSet            : Custom SQL executed
2019-03-31 12:00:19.582  INFO 13985 --- [main] liquibase.changelog.ChangeSet            : ChangeSet db/changelog/migrations/db.changelog-auth-02.sql::11::celio ran successfully in 11ms
2019-03-31 12:00:19.584  INFO 13985 --- [main] liquibase.executor.jvm.JdbcExecutor      : INSERT INTO public.databasechangelog (ID, AUTHOR, FILENAME, DATEEXECUTED, ORDEREXECUTED, MD5SUM, DESCRIPTION, COMMENTS, EXECTYPE, CONTEXTS, LABELS, LIQUIBASE, DEPLOYMENT_ID) VALUES ('11', 'celio', 'db/changelog/migrations/db.changelog-auth-02.sql', NOW(), 11, '8:27b91bf6dcea240d648d81ff40ee667d', 'sql', '', 'EXECUTED', NULL, NULL, '3.6.2', '4048018117')
2019-03-31 12:00:19.593  INFO 13985 --- [main] liquibase.executor.jvm.JdbcExecutor      : INSERT INTO oauth.oauth_permission(perm_id, perm_name) VALUES (1, 'CREATE')
2019-03-31 12:00:19.595  INFO 13985 --- [main] liquibase.changelog.ChangeSet            : Custom SQL executed
2019-03-31 12:00:19.604  INFO 13985 --- [main] liquibase.changelog.ChangeSet            : ChangeSet db/changelog/migrations/db.changelog-auth-02.sql::12::celio ran successfully in 11ms
2019-03-31 12:00:19.606  INFO 13985 --- [main] liquibase.executor.jvm.JdbcExecutor      : INSERT INTO public.databasechangelog (ID, AUTHOR, FILENAME, DATEEXECUTED, ORDEREXECUTED, MD5SUM, DESCRIPTION, COMMENTS, EXECTYPE, CONTEXTS, LABELS, LIQUIBASE, DEPLOYMENT_ID) VALUES ('12', 'celio', 'db/changelog/migrations/db.changelog-auth-02.sql', NOW(), 12, '8:f2636f00d4f5caba9571e0d529a24d5b', 'sql', '', 'EXECUTED', NULL, NULL, '3.6.2', '4048018117')
2019-03-31 12:00:19.616  INFO 13985 --- [main] liquibase.executor.jvm.JdbcExecutor      : INSERT INTO oauth.oauth_authority(authority_id, mod_id, perm_id) VALUES (1, 1, 1)
2019-03-31 12:00:19.619  INFO 13985 --- [main] liquibase.changelog.ChangeSet            : Custom SQL executed
2019-03-31 12:00:19.626  INFO 13985 --- [main] liquibase.changelog.ChangeSet            : ChangeSet db/changelog/migrations/db.changelog-auth-02.sql::13::celio ran successfully in 11ms
2019-03-31 12:00:19.627  INFO 13985 --- [main] liquibase.executor.jvm.JdbcExecutor      : INSERT INTO public.databasechangelog (ID, AUTHOR, FILENAME, DATEEXECUTED, ORDEREXECUTED, MD5SUM, DESCRIPTION, COMMENTS, EXECTYPE, CONTEXTS, LABELS, LIQUIBASE, DEPLOYMENT_ID) VALUES ('13', 'celio', 'db/changelog/migrations/db.changelog-auth-02.sql', NOW(), 13, '8:ff3c6887dadf50df4d48e92a6b8422c5', 'sql', '', 'EXECUTED', NULL, NULL, '3.6.2', '4048018117')
2019-03-31 12:00:19.638  INFO 13985 --- [main] liquibase.executor.jvm.JdbcExecutor      : INSERT INTO oauth.oauth_user(user_id, user_name, user_password, user_full_name,
    account_non_expired, account_non_locked , credentials_non_expired, enabled, super_user)
  VALUES (1, 'user', '$2a$10$UtSgFInoXOGAzuEA93Hg7.Z6lPcWUIgaPttERZvLnx3KuKsmAVo8a',
  'user principal', true, true, true, true, false)
2019-03-31 12:00:19.639  INFO 13985 --- [main] liquibase.changelog.ChangeSet            : Custom SQL executed
2019-03-31 12:00:19.649  INFO 13985 --- [main] liquibase.changelog.ChangeSet            : ChangeSet db/changelog/migrations/db.changelog-auth-02.sql::14::celio ran successfully in 11ms
2019-03-31 12:00:19.650  INFO 13985 --- [main] liquibase.executor.jvm.JdbcExecutor      : INSERT INTO public.databasechangelog (ID, AUTHOR, FILENAME, DATEEXECUTED, ORDEREXECUTED, MD5SUM, DESCRIPTION, COMMENTS, EXECTYPE, CONTEXTS, LABELS, LIQUIBASE, DEPLOYMENT_ID) VALUES ('14', 'celio', 'db/changelog/migrations/db.changelog-auth-02.sql', NOW(), 14, '8:66d17ba9f1c6fc3f141f6e01da87182e', 'sql', '', 'EXECUTED', NULL, NULL, '3.6.2', '4048018117')
2019-03-31 12:00:19.660  INFO 13985 --- [main] liquibase.executor.jvm.JdbcExecutor      : INSERT INTO oauth.oauth_user_authority(user_id, authority_id) VALUES (1, 1)
2019-03-31 12:00:19.661  INFO 13985 --- [main] liquibase.changelog.ChangeSet            : Custom SQL executed
2019-03-31 12:00:19.671  INFO 13985 --- [main] liquibase.changelog.ChangeSet            : ChangeSet db/changelog/migrations/db.changelog-auth-02.sql::15::celio ran successfully in 11ms
2019-03-31 12:00:19.672  INFO 13985 --- [main] liquibase.executor.jvm.JdbcExecutor      : INSERT INTO public.databasechangelog (ID, AUTHOR, FILENAME, DATEEXECUTED, ORDEREXECUTED, MD5SUM, DESCRIPTION, COMMENTS, EXECTYPE, CONTEXTS, LABELS, LIQUIBASE, DEPLOYMENT_ID) VALUES ('15', 'celio', 'db/changelog/migrations/db.changelog-auth-02.sql', NOW(), 15, '8:3e4d16e5cb8758db7bf9d3d96c041948', 'sql', '', 'EXECUTED', NULL, NULL, '3.6.2', '4048018117')
2019-03-31 12:00:19.693  INFO 13985 --- [main] l.lockservice.StandardLockService        : Successfully released change log lock
2019-03-31 12:00:19.847  INFO 13985 --- [main] o.hibernate.jpa.internal.util.LogHelper  : HHH000204: Processing PersistenceUnitInfo [
	name: default
	...]
2019-03-31 12:00:19.926  INFO 13985 --- [main] org.hibernate.Version                    : HHH000412: Hibernate Core {5.3.7.Final}
2019-03-31 12:00:19.927  INFO 13985 --- [main] org.hibernate.cfg.Environment            : HHH000206: hibernate.properties not found
2019-03-31 12:00:20.047  INFO 13985 --- [main] o.hibernate.annotations.common.Version   : HCANN000001: Hibernate Commons Annotations {5.0.4.Final}
2019-03-31 12:00:20.216  INFO 13985 --- [main] org.hibernate.dialect.Dialect            : HHH000400: Using dialect: org.hibernate.dialect.PostgreSQL95Dialect
2019-03-31 12:00:20.232  INFO 13985 --- [main] o.h.e.j.e.i.LobCreatorBuilderImpl        : HHH000422: Disabling contextual LOB creation as connection was null
2019-03-31 12:00:20.238  INFO 13985 --- [main] org.hibernate.type.BasicTypeRegistry     : HHH000270: Type registration [java.util.UUID] overrides previous : org.hibernate.type.UUIDBinaryType@4db007d
2019-03-31 12:00:20.973  INFO 13985 --- [main] j.LocalContainerEntityManagerFactoryBean : Initialized JPA EntityManagerFactory for persistence unit 'default'
2019-03-31 12:00:21.594  WARN 13985 --- [main] aWebConfiguration$JpaWebMvcConfiguration : spring.jpa.open-in-view is enabled by default. Therefore, database queries may be performed during view rendering. Explicitly configure spring.jpa.open-in-view to disable this warning
2019-03-31 12:00:22.322  INFO 13985 --- [main] o.s.s.web.DefaultSecurityFilterChain     : Creating filter chain: OrRequestMatcher [requestMatchers=[Ant [pattern='/oauth/token'], Ant [pattern='/oauth/token_key'], Ant [pattern='/oauth/check_token']]], [org.springframework.security.web.context.request.async.WebAsyncManagerIntegrationFilter@3d28856e, org.springframework.security.web.context.SecurityContextPersistenceFilter@4b679de5, org.springframework.security.web.header.HeaderWriterFilter@51875edc, org.springframework.security.web.authentication.logout.LogoutFilter@6cb67fc9, org.springframework.web.filter.CorsFilter@44f478f7, org.springframework.security.web.authentication.www.BasicAuthenticationFilter@21d7eb2a, org.springframework.security.web.savedrequest.RequestCacheAwareFilter@74d56fcc, org.springframework.security.web.servletapi.SecurityContextHolderAwareRequestFilter@60916d26, org.springframework.security.web.authentication.AnonymousAuthenticationFilter@2b1479e4, org.springframework.security.web.session.SessionManagementFilter@44d182c1, org.springframework.security.web.access.ExceptionTranslationFilter@2c92ed30, org.springframework.security.web.access.intercept.FilterSecurityInterceptor@5a709a2]
2019-03-31 12:00:22.336  INFO 13985 --- [main] o.s.s.web.DefaultSecurityFilterChain     : Creating filter chain: any request, [org.springframework.security.web.context.request.async.WebAsyncManagerIntegrationFilter@75fea209, org.springframework.security.web.context.SecurityContextPersistenceFilter@490fbbe2, org.springframework.security.web.header.HeaderWriterFilter@12b2183d, org.springframework.security.web.csrf.CsrfFilter@360a8c3c, org.springframework.security.web.authentication.logout.LogoutFilter@710fd663, org.springframework.security.web.authentication.UsernamePasswordAuthenticationFilter@74245dbc, org.springframework.security.web.authentication.ui.DefaultLoginPageGeneratingFilter@456ba587, org.springframework.security.web.authentication.ui.DefaultLogoutPageGeneratingFilter@63f7e55e, org.springframework.security.web.authentication.www.BasicAuthenticationFilter@2361c264, org.springframework.security.web.savedrequest.RequestCacheAwareFilter@6fe021ea, org.springframework.security.web.servletapi.SecurityContextHolderAwareRequestFilter@6d91afdb, org.springframework.security.web.authentication.AnonymousAuthenticationFilter@9ea768d, org.springframework.security.web.session.SessionManagementFilter@70bb0d3b, org.springframework.security.web.access.ExceptionTranslationFilter@50ded2e3, org.springframework.security.web.access.intercept.FilterSecurityInterceptor@68ed7638]
2019-03-31 12:00:22.706  INFO 13985 --- [main] o.s.b.w.embedded.tomcat.TomcatWebServer  : Tomcat started on port(s): 8081 (http) with context path ''
2019-03-31 12:00:22.709  INFO 13985 --- [main] br.com.dauth.DAuthApplication            : Started DAuthApplication in 8.739 seconds (JVM running for 14.702)
2019-03-31 12:02:34.165  INFO 13985 --- [http-nio-8081-exec-2] o.a.c.c.C.[Tomcat].[localhost].[/]       : Initializing Spring DispatcherServlet 'dispatcherServlet'
2019-03-31 12:02:34.165  INFO 13985 --- [http-nio-8081-exec-2] o.s.web.servlet.DispatcherServlet        : Initializing Servlet 'dispatcherServlet'
2019-03-31 12:02:34.175  INFO 13985 --- [http-nio-8081-exec-2] o.s.web.servlet.DispatcherServlet        : Completed initialization in 10 ms
2019-03-31 12:02:34.331  INFO 13985 --- [http-nio-8081-exec-2] o.h.h.i.QueryTranslatorFactoryInitiator  : HHH000397: Using ASTQueryTranslatorFactory
2019-03-31 14:07:39.464  INFO 22783 --- [main] br.com.dauth.DAuthApplication            : Starting DAuthApplication on celio-PC with PID 22783 (/home/celio/Source/d-auth/target/classes started by celio in /home/celio/Source/d-auth)
2019-03-31 14:07:39.468  INFO 22783 --- [main] br.com.dauth.DAuthApplication            : No active profile set, falling back to default profiles: default
2019-03-31 14:07:40.360  INFO 22783 --- [main] .s.d.r.c.RepositoryConfigurationDelegate : Bootstrapping Spring Data repositories in DEFAULT mode.
2019-03-31 14:07:40.480  INFO 22783 --- [main] .s.d.r.c.RepositoryConfigurationDelegate : Finished Spring Data repository scanning in 107ms. Found 5 repository interfaces.
2019-03-31 14:07:41.030  INFO 22783 --- [main] trationDelegate$BeanPostProcessorChecker : Bean 'org.springframework.transaction.annotation.ProxyTransactionManagementConfiguration' of type [org.springframework.transaction.annotation.ProxyTransactionManagementConfiguration$$EnhancerBySpringCGLIB$$ecfe79d0] is not eligible for getting processed by all BeanPostProcessors (for example: not eligible for auto-proxying)
2019-03-31 14:07:41.092  INFO 22783 --- [main] trationDelegate$BeanPostProcessorChecker : Bean 'org.springframework.security.config.annotation.configuration.ObjectPostProcessorConfiguration' of type [org.springframework.security.config.annotation.configuration.ObjectPostProcessorConfiguration$$EnhancerBySpringCGLIB$$85ac420a] is not eligible for getting processed by all BeanPostProcessors (for example: not eligible for auto-proxying)
2019-03-31 14:07:41.100  INFO 22783 --- [main] trationDelegate$BeanPostProcessorChecker : Bean 'objectPostProcessor' of type [org.springframework.security.config.annotation.configuration.AutowireBeanFactoryObjectPostProcessor] is not eligible for getting processed by all BeanPostProcessors (for example: not eligible for auto-proxying)
2019-03-31 14:07:41.103  INFO 22783 --- [main] trationDelegate$BeanPostProcessorChecker : Bean 'org.springframework.security.access.expression.method.DefaultMethodSecurityExpressionHandler@3617be89' of type [org.springframework.security.access.expression.method.DefaultMethodSecurityExpressionHandler] is not eligible for getting processed by all BeanPostProcessors (for example: not eligible for auto-proxying)
2019-03-31 14:07:41.106  INFO 22783 --- [main] trationDelegate$BeanPostProcessorChecker : Bean 'org.springframework.security.config.annotation.method.configuration.GlobalMethodSecurityConfiguration' of type [org.springframework.security.config.annotation.method.configuration.GlobalMethodSecurityConfiguration$$EnhancerBySpringCGLIB$$aa80e4bc] is not eligible for getting processed by all BeanPostProcessors (for example: not eligible for auto-proxying)
2019-03-31 14:07:41.111  INFO 22783 --- [main] trationDelegate$BeanPostProcessorChecker : Bean 'methodSecurityMetadataSource' of type [org.springframework.security.access.method.DelegatingMethodSecurityMetadataSource] is not eligible for getting processed by all BeanPostProcessors (for example: not eligible for auto-proxying)
2019-03-31 14:07:41.676  INFO 22783 --- [main] o.s.b.w.embedded.tomcat.TomcatWebServer  : Tomcat initialized with port(s): 8081 (http)
2019-03-31 14:07:41.714  INFO 22783 --- [main] o.apache.catalina.core.StandardService   : Starting service [Tomcat]
2019-03-31 14:07:41.714  INFO 22783 --- [main] org.apache.catalina.core.StandardEngine  : Starting Servlet Engine: Apache Tomcat/9.0.13
2019-03-31 14:07:41.730  INFO 22783 --- [main] o.a.catalina.core.AprLifecycleListener   : The APR based Apache Tomcat Native library which allows optimal performance in production environments was not found on the java.library.path: [/usr/java/packages/lib/amd64:/usr/lib64:/lib64:/lib:/usr/lib]
2019-03-31 14:07:41.820  INFO 22783 --- [main] o.a.c.c.C.[Tomcat].[localhost].[/]       : Initializing Spring embedded WebApplicationContext
2019-03-31 14:07:41.821  INFO 22783 --- [main] o.s.web.context.ContextLoader            : Root WebApplicationContext: initialization completed in 2312 ms
2019-03-31 14:07:41.995  INFO 22783 --- [main] com.zaxxer.hikari.HikariDataSource       : HikariPool-1 - Starting...
2019-03-31 14:07:42.083  INFO 22783 --- [main] com.zaxxer.hikari.HikariDataSource       : HikariPool-1 - Start completed.
2019-03-31 14:07:42.887  INFO 22783 --- [main] liquibase.executor.jvm.JdbcExecutor      : SELECT COUNT(*) FROM public.databasechangeloglock
2019-03-31 14:07:42.889  INFO 22783 --- [main] liquibase.executor.jvm.JdbcExecutor      : SELECT COUNT(*) FROM public.databasechangeloglock
2019-03-31 14:07:42.892  INFO 22783 --- [main] liquibase.executor.jvm.JdbcExecutor      : SELECT LOCKED FROM public.databasechangeloglock WHERE ID=1
2019-03-31 14:07:42.926  INFO 22783 --- [main] l.lockservice.StandardLockService        : Successfully acquired change log lock
2019-03-31 14:07:43.044  INFO 22783 --- [main] liquibase.executor.jvm.JdbcExecutor      : SELECT MD5SUM FROM public.databasechangelog WHERE MD5SUM IS NOT NULL LIMIT 1
2019-03-31 14:07:43.046  INFO 22783 --- [main] liquibase.executor.jvm.JdbcExecutor      : SELECT COUNT(*) FROM public.databasechangelog
2019-03-31 14:07:43.048  INFO 22783 --- [main] l.c.StandardChangeLogHistoryService      : Reading from public.databasechangelog
2019-03-31 14:07:43.048  INFO 22783 --- [main] liquibase.executor.jvm.JdbcExecutor      : SELECT * FROM public.databasechangelog ORDER BY DATEEXECUTED ASC, ORDEREXECUTED ASC
2019-03-31 14:07:43.100  INFO 22783 --- [main] l.lockservice.StandardLockService        : Successfully released change log lock
2019-03-31 14:07:43.273  INFO 22783 --- [main] o.hibernate.jpa.internal.util.LogHelper  : HHH000204: Processing PersistenceUnitInfo [
	name: default
	...]
2019-03-31 14:07:43.341  INFO 22783 --- [main] org.hibernate.Version                    : HHH000412: Hibernate Core {5.3.7.Final}
2019-03-31 14:07:43.342  INFO 22783 --- [main] org.hibernate.cfg.Environment            : HHH000206: hibernate.properties not found
2019-03-31 14:07:43.475  INFO 22783 --- [main] o.hibernate.annotations.common.Version   : HCANN000001: Hibernate Commons Annotations {5.0.4.Final}
2019-03-31 14:07:43.625  INFO 22783 --- [main] org.hibernate.dialect.Dialect            : HHH000400: Using dialect: org.hibernate.dialect.PostgreSQL95Dialect
2019-03-31 14:07:43.639  INFO 22783 --- [main] o.h.e.j.e.i.LobCreatorBuilderImpl        : HHH000422: Disabling contextual LOB creation as connection was null
2019-03-31 14:07:43.644  INFO 22783 --- [main] org.hibernate.type.BasicTypeRegistry     : HHH000270: Type registration [java.util.UUID] overrides previous : org.hibernate.type.UUIDBinaryType@3d8c20ce
2019-03-31 14:07:44.362  INFO 22783 --- [main] j.LocalContainerEntityManagerFactoryBean : Initialized JPA EntityManagerFactory for persistence unit 'default'
2019-03-31 14:07:45.054  WARN 22783 --- [main] aWebConfiguration$JpaWebMvcConfiguration : spring.jpa.open-in-view is enabled by default. Therefore, database queries may be performed during view rendering. Explicitly configure spring.jpa.open-in-view to disable this warning
2019-03-31 14:07:45.925  INFO 22783 --- [main] o.s.s.web.DefaultSecurityFilterChain     : Creating filter chain: OrRequestMatcher [requestMatchers=[Ant [pattern='/oauth/token'], Ant [pattern='/oauth/token_key'], Ant [pattern='/oauth/check_token']]], [org.springframework.security.web.context.request.async.WebAsyncManagerIntegrationFilter@31770b4d, org.springframework.security.web.context.SecurityContextPersistenceFilter@5bf04ca9, org.springframework.security.web.header.HeaderWriterFilter@3e01452d, org.springframework.security.web.authentication.logout.LogoutFilter@6c1d7c49, org.springframework.web.filter.CorsFilter@500eac26, org.springframework.security.web.authentication.www.BasicAuthenticationFilter@720d97f5, org.springframework.security.web.savedrequest.RequestCacheAwareFilter@d8a1250, org.springframework.security.web.servletapi.SecurityContextHolderAwareRequestFilter@4399165b, org.springframework.security.web.authentication.AnonymousAuthenticationFilter@389a0e06, org.springframework.security.web.session.SessionManagementFilter@2404237a, org.springframework.security.web.access.ExceptionTranslationFilter@2125f008, org.springframework.security.web.access.intercept.FilterSecurityInterceptor@3c6660f8]
2019-03-31 14:07:45.955  INFO 22783 --- [main] o.s.s.web.DefaultSecurityFilterChain     : Creating filter chain: any request, [org.springframework.security.web.context.request.async.WebAsyncManagerIntegrationFilter@11012c7a, org.springframework.security.web.context.SecurityContextPersistenceFilter@a0a6ab, org.springframework.security.web.header.HeaderWriterFilter@173dc8c4, org.springframework.security.web.csrf.CsrfFilter@7860b2b5, org.springframework.security.web.authentication.logout.LogoutFilter@554561b2, org.springframework.security.web.authentication.UsernamePasswordAuthenticationFilter@7310a479, org.springframework.security.web.authentication.ui.DefaultLoginPageGeneratingFilter@505510ed, org.springframework.security.web.authentication.ui.DefaultLogoutPageGeneratingFilter@3f11cbc7, org.springframework.security.web.authentication.www.BasicAuthenticationFilter@67c47f97, org.springframework.security.web.savedrequest.RequestCacheAwareFilter@6a0dc038, org.springframework.security.web.servletapi.SecurityContextHolderAwareRequestFilter@130f4e55, org.springframework.security.web.authentication.AnonymousAuthenticationFilter@3d25b8d4, org.springframework.security.web.session.SessionManagementFilter@6ab5358c, org.springframework.security.web.access.ExceptionTranslationFilter@1ace0136, org.springframework.security.web.access.intercept.FilterSecurityInterceptor@3ec5fa6b]
2019-03-31 14:07:46.431  INFO 22783 --- [main] o.s.b.w.embedded.tomcat.TomcatWebServer  : Tomcat started on port(s): 8081 (http) with context path ''
2019-03-31 14:07:46.436  INFO 22783 --- [main] br.com.dauth.DAuthApplication            : Started DAuthApplication in 7.664 seconds (JVM running for 13.464)
2019-03-31 14:15:33.053  INFO 22783 --- [http-nio-8081-exec-1] o.a.c.c.C.[Tomcat].[localhost].[/]       : Initializing Spring DispatcherServlet 'dispatcherServlet'
2019-03-31 14:15:33.053  INFO 22783 --- [http-nio-8081-exec-1] o.s.web.servlet.DispatcherServlet        : Initializing Servlet 'dispatcherServlet'
2019-03-31 14:15:33.064  INFO 22783 --- [http-nio-8081-exec-1] o.s.web.servlet.DispatcherServlet        : Completed initialization in 10 ms
2019-03-31 14:15:33.212  INFO 22783 --- [http-nio-8081-exec-2] o.h.h.i.QueryTranslatorFactoryInitiator  : HHH000397: Using ASTQueryTranslatorFactory
2019-03-31 14:25:02.609  INFO 25896 --- [main] br.com.dauth.DAuthApplication            : Starting DAuthApplication on celio-PC with PID 25896 (/home/celio/Source/d-auth/target/classes started by celio in /home/celio/Source/d-auth)
2019-03-31 14:25:02.614  INFO 25896 --- [main] br.com.dauth.DAuthApplication            : No active profile set, falling back to default profiles: default
2019-03-31 14:25:03.434  INFO 25896 --- [main] .s.d.r.c.RepositoryConfigurationDelegate : Bootstrapping Spring Data repositories in DEFAULT mode.
2019-03-31 14:25:03.529  INFO 25896 --- [main] .s.d.r.c.RepositoryConfigurationDelegate : Finished Spring Data repository scanning in 86ms. Found 5 repository interfaces.
2019-03-31 14:25:04.068  INFO 25896 --- [main] trationDelegate$BeanPostProcessorChecker : Bean 'org.springframework.transaction.annotation.ProxyTransactionManagementConfiguration' of type [org.springframework.transaction.annotation.ProxyTransactionManagementConfiguration$$EnhancerBySpringCGLIB$$5a795d55] is not eligible for getting processed by all BeanPostProcessors (for example: not eligible for auto-proxying)
2019-03-31 14:25:04.106  INFO 25896 --- [main] trationDelegate$BeanPostProcessorChecker : Bean 'org.springframework.security.config.annotation.configuration.ObjectPostProcessorConfiguration' of type [org.springframework.security.config.annotation.configuration.ObjectPostProcessorConfiguration$$EnhancerBySpringCGLIB$$f327258f] is not eligible for getting processed by all BeanPostProcessors (for example: not eligible for auto-proxying)
2019-03-31 14:25:04.113  INFO 25896 --- [main] trationDelegate$BeanPostProcessorChecker : Bean 'objectPostProcessor' of type [org.springframework.security.config.annotation.configuration.AutowireBeanFactoryObjectPostProcessor] is not eligible for getting processed by all BeanPostProcessors (for example: not eligible for auto-proxying)
2019-03-31 14:25:04.115  INFO 25896 --- [main] trationDelegate$BeanPostProcessorChecker : Bean 'org.springframework.security.access.expression.method.DefaultMethodSecurityExpressionHandler@59472de0' of type [org.springframework.security.access.expression.method.DefaultMethodSecurityExpressionHandler] is not eligible for getting processed by all BeanPostProcessors (for example: not eligible for auto-proxying)
2019-03-31 14:25:04.118  INFO 25896 --- [main] trationDelegate$BeanPostProcessorChecker : Bean 'org.springframework.security.config.annotation.method.configuration.GlobalMethodSecurityConfiguration' of type [org.springframework.security.config.annotation.method.configuration.GlobalMethodSecurityConfiguration$$EnhancerBySpringCGLIB$$17fbc841] is not eligible for getting processed by all BeanPostProcessors (for example: not eligible for auto-proxying)
2019-03-31 14:25:04.123  INFO 25896 --- [main] trationDelegate$BeanPostProcessorChecker : Bean 'methodSecurityMetadataSource' of type [org.springframework.security.access.method.DelegatingMethodSecurityMetadataSource] is not eligible for getting processed by all BeanPostProcessors (for example: not eligible for auto-proxying)
2019-03-31 14:25:04.471  INFO 25896 --- [main] o.s.b.w.embedded.tomcat.TomcatWebServer  : Tomcat initialized with port(s): 8081 (http)
2019-03-31 14:25:04.499  INFO 25896 --- [main] o.apache.catalina.core.StandardService   : Starting service [Tomcat]
2019-03-31 14:25:04.499  INFO 25896 --- [main] org.apache.catalina.core.StandardEngine  : Starting Servlet Engine: Apache Tomcat/9.0.13
2019-03-31 14:25:04.511  INFO 25896 --- [main] o.a.catalina.core.AprLifecycleListener   : The APR based Apache Tomcat Native library which allows optimal performance in production environments was not found on the java.library.path: [/usr/java/packages/lib/amd64:/usr/lib64:/lib64:/lib:/usr/lib]
2019-03-31 14:25:04.591  INFO 25896 --- [main] o.a.c.c.C.[Tomcat].[localhost].[/]       : Initializing Spring embedded WebApplicationContext
2019-03-31 14:25:04.592  INFO 25896 --- [main] o.s.web.context.ContextLoader            : Root WebApplicationContext: initialization completed in 1934 ms
2019-03-31 14:25:04.739  INFO 25896 --- [main] com.zaxxer.hikari.HikariDataSource       : HikariPool-1 - Starting...
2019-03-31 14:25:04.818  INFO 25896 --- [main] com.zaxxer.hikari.HikariDataSource       : HikariPool-1 - Start completed.
2019-03-31 14:25:05.545  INFO 25896 --- [main] liquibase.executor.jvm.JdbcExecutor      : SELECT COUNT(*) FROM public.databasechangeloglock
2019-03-31 14:25:05.548  INFO 25896 --- [main] liquibase.executor.jvm.JdbcExecutor      : SELECT COUNT(*) FROM public.databasechangeloglock
2019-03-31 14:25:05.550  INFO 25896 --- [main] liquibase.executor.jvm.JdbcExecutor      : SELECT LOCKED FROM public.databasechangeloglock WHERE ID=1
2019-03-31 14:25:05.585  INFO 25896 --- [main] l.lockservice.StandardLockService        : Successfully acquired change log lock
2019-03-31 14:25:05.663  INFO 25896 --- [main] liquibase.executor.jvm.JdbcExecutor      : SELECT MD5SUM FROM public.databasechangelog WHERE MD5SUM IS NOT NULL LIMIT 1
2019-03-31 14:25:05.665  INFO 25896 --- [main] liquibase.executor.jvm.JdbcExecutor      : SELECT COUNT(*) FROM public.databasechangelog
2019-03-31 14:25:05.666  INFO 25896 --- [main] l.c.StandardChangeLogHistoryService      : Reading from public.databasechangelog
2019-03-31 14:25:05.666  INFO 25896 --- [main] liquibase.executor.jvm.JdbcExecutor      : SELECT * FROM public.databasechangelog ORDER BY DATEEXECUTED ASC, ORDEREXECUTED ASC
2019-03-31 14:25:05.696  INFO 25896 --- [main] l.lockservice.StandardLockService        : Successfully released change log lock
2019-03-31 14:25:05.850  INFO 25896 --- [main] o.hibernate.jpa.internal.util.LogHelper  : HHH000204: Processing PersistenceUnitInfo [
	name: default
	...]
2019-03-31 14:25:05.911  INFO 25896 --- [main] org.hibernate.Version                    : HHH000412: Hibernate Core {5.3.7.Final}
2019-03-31 14:25:05.912  INFO 25896 --- [main] org.hibernate.cfg.Environment            : HHH000206: hibernate.properties not found
2019-03-31 14:25:06.040  INFO 25896 --- [main] o.hibernate.annotations.common.Version   : HCANN000001: Hibernate Commons Annotations {5.0.4.Final}
2019-03-31 14:25:06.190  INFO 25896 --- [main] org.hibernate.dialect.Dialect            : HHH000400: Using dialect: org.hibernate.dialect.PostgreSQL95Dialect
2019-03-31 14:25:06.206  INFO 25896 --- [main] o.h.e.j.e.i.LobCreatorBuilderImpl        : HHH000422: Disabling contextual LOB creation as connection was null
2019-03-31 14:25:06.211  INFO 25896 --- [main] org.hibernate.type.BasicTypeRegistry     : HHH000270: Type registration [java.util.UUID] overrides previous : org.hibernate.type.UUIDBinaryType@5ef40fe0
2019-03-31 14:25:06.925  INFO 25896 --- [main] j.LocalContainerEntityManagerFactoryBean : Initialized JPA EntityManagerFactory for persistence unit 'default'
2019-03-31 14:25:07.630  WARN 25896 --- [main] aWebConfiguration$JpaWebMvcConfiguration : spring.jpa.open-in-view is enabled by default. Therefore, database queries may be performed during view rendering. Explicitly configure spring.jpa.open-in-view to disable this warning
2019-03-31 14:25:08.379  INFO 25896 --- [main] o.s.s.web.DefaultSecurityFilterChain     : Creating filter chain: OrRequestMatcher [requestMatchers=[Ant [pattern='/oauth/token'], Ant [pattern='/oauth/token_key'], Ant [pattern='/oauth/check_token']]], [org.springframework.security.web.context.request.async.WebAsyncManagerIntegrationFilter@692fb59e, org.springframework.security.web.context.SecurityContextPersistenceFilter@747ab6a3, org.springframework.security.web.header.HeaderWriterFilter@fdefae, org.springframework.security.web.authentication.logout.LogoutFilter@57c671ae, org.springframework.web.filter.CorsFilter@3d9bb15d, org.springframework.security.web.authentication.www.BasicAuthenticationFilter@20e53b47, org.springframework.security.web.savedrequest.RequestCacheAwareFilter@190fa23d, org.springframework.security.web.servletapi.SecurityContextHolderAwareRequestFilter@2059160b, org.springframework.security.web.authentication.AnonymousAuthenticationFilter@1e4708a9, org.springframework.security.web.session.SessionManagementFilter@47d27350, org.springframework.security.web.access.ExceptionTranslationFilter@82965f7, org.springframework.security.web.access.intercept.FilterSecurityInterceptor@12015a71]
2019-03-31 14:25:08.393  INFO 25896 --- [main] o.s.s.web.DefaultSecurityFilterChain     : Creating filter chain: any request, [org.springframework.security.web.context.request.async.WebAsyncManagerIntegrationFilter@6690f878, org.springframework.security.web.context.SecurityContextPersistenceFilter@21d43997, org.springframework.security.web.header.HeaderWriterFilter@54ac6465, org.springframework.security.web.csrf.CsrfFilter@19f368b6, org.springframework.security.web.authentication.logout.LogoutFilter@472a2749, org.springframework.security.web.authentication.UsernamePasswordAuthenticationFilter@266f58a4, org.springframework.security.web.authentication.ui.DefaultLoginPageGeneratingFilter@47b2b6a9, org.springframework.security.web.authentication.ui.DefaultLogoutPageGeneratingFilter@14a936d, org.springframework.security.web.authentication.www.BasicAuthenticationFilter@3a662de8, org.springframework.security.web.savedrequest.RequestCacheAwareFilter@66001f19, org.springframework.security.web.servletapi.SecurityContextHolderAwareRequestFilter@5138c0f0, org.springframework.security.web.authentication.AnonymousAuthenticationFilter@8fa2741, org.springframework.security.web.session.SessionManagementFilter@5618109e, org.springframework.security.web.access.ExceptionTranslationFilter@3fdf1985, org.springframework.security.web.access.intercept.FilterSecurityInterceptor@72cff7df]
2019-03-31 14:25:08.741  INFO 25896 --- [main] o.s.b.w.embedded.tomcat.TomcatWebServer  : Tomcat started on port(s): 8081 (http) with context path ''
2019-03-31 14:25:08.744  INFO 25896 --- [main] br.com.dauth.DAuthApplication            : Started DAuthApplication in 6.795 seconds (JVM running for 11.697)
2019-03-31 14:27:21.767  INFO 25896 --- [http-nio-8081-exec-1] o.a.c.c.C.[Tomcat].[localhost].[/]       : Initializing Spring DispatcherServlet 'dispatcherServlet'
2019-03-31 14:27:21.768  INFO 25896 --- [http-nio-8081-exec-1] o.s.web.servlet.DispatcherServlet        : Initializing Servlet 'dispatcherServlet'
2019-03-31 14:27:21.779  INFO 25896 --- [http-nio-8081-exec-1] o.s.web.servlet.DispatcherServlet        : Completed initialization in 11 ms
2019-03-31 14:27:21.919  INFO 25896 --- [http-nio-8081-exec-2] o.h.h.i.QueryTranslatorFactoryInitiator  : HHH000397: Using ASTQueryTranslatorFactory
